2020-10-09 18:54:53 ResourceUtils.java org.apache.shiro.io.ResourceUtils.loadFromClassPath(ResourceUtils.java:159) loadFromClassPath Opening resource from class path [shiro-custom-realm.ini]
2020-10-09 18:54:53 Ini.java org.apache.shiro.config.Ini.load(Ini.java:401) load Parsing [main]
2020-10-09 18:54:53 AbstractConverter.java org.apache.commons.beanutils.converters.AbstractConverter.setDefaultValue(AbstractConverter.java:353) setDefaultValue Setting default value: false
2020-10-09 18:54:53 AbstractConverter.java org.apache.commons.beanutils.converters.AbstractConverter.convert(AbstractConverter.java:140) convert Converting 'Boolean' value 'false' to type 'Boolean'
2020-10-09 18:54:53 AbstractConverter.java org.apache.commons.beanutils.converters.AbstractConverter.convert(AbstractConverter.java:162) convert     No conversion required, value is already a Boolean
2020-10-09 18:54:53 AbstractConverter.java org.apache.commons.beanutils.converters.AbstractConverter.setDefaultValue(AbstractConverter.java:353) setDefaultValue Setting default value: 0
2020-10-09 18:54:53 AbstractConverter.java org.apache.commons.beanutils.converters.AbstractConverter.convert(AbstractConverter.java:140) convert Converting 'Integer' value '0' to type 'Byte'
2020-10-09 18:54:53 AbstractConverter.java org.apache.commons.beanutils.converters.AbstractConverter.convert(AbstractConverter.java:171) convert     Converted to Byte value '0'
2020-10-09 18:54:53 AbstractConverter.java org.apache.commons.beanutils.converters.AbstractConverter.setDefaultValue(AbstractConverter.java:353) setDefaultValue Setting default value:  
2020-10-09 18:54:53 AbstractConverter.java org.apache.commons.beanutils.converters.AbstractConverter.convert(AbstractConverter.java:140) convert Converting 'Character' value ' ' to type 'Character'
2020-10-09 18:54:53 AbstractConverter.java org.apache.commons.beanutils.converters.AbstractConverter.convert(AbstractConverter.java:162) convert     No conversion required, value is already a Character
2020-10-09 18:54:53 AbstractConverter.java org.apache.commons.beanutils.converters.AbstractConverter.setDefaultValue(AbstractConverter.java:353) setDefaultValue Setting default value: 0
2020-10-09 18:54:53 AbstractConverter.java org.apache.commons.beanutils.converters.AbstractConverter.convert(AbstractConverter.java:140) convert Converting 'Integer' value '0' to type 'Double'
2020-10-09 18:54:53 AbstractConverter.java org.apache.commons.beanutils.converters.AbstractConverter.convert(AbstractConverter.java:171) convert     Converted to Double value '0.0'
2020-10-09 18:54:53 AbstractConverter.java org.apache.commons.beanutils.converters.AbstractConverter.setDefaultValue(AbstractConverter.java:353) setDefaultValue Setting default value: 0
2020-10-09 18:54:53 AbstractConverter.java org.apache.commons.beanutils.converters.AbstractConverter.convert(AbstractConverter.java:140) convert Converting 'Integer' value '0' to type 'Float'
2020-10-09 18:54:53 AbstractConverter.java org.apache.commons.beanutils.converters.AbstractConverter.convert(AbstractConverter.java:171) convert     Converted to Float value '0.0'
2020-10-09 18:54:53 AbstractConverter.java org.apache.commons.beanutils.converters.AbstractConverter.setDefaultValue(AbstractConverter.java:353) setDefaultValue Setting default value: 0
2020-10-09 18:54:53 AbstractConverter.java org.apache.commons.beanutils.converters.AbstractConverter.convert(AbstractConverter.java:140) convert Converting 'Integer' value '0' to type 'Integer'
2020-10-09 18:54:53 AbstractConverter.java org.apache.commons.beanutils.converters.AbstractConverter.convert(AbstractConverter.java:162) convert     No conversion required, value is already a Integer
2020-10-09 18:54:53 AbstractConverter.java org.apache.commons.beanutils.converters.AbstractConverter.setDefaultValue(AbstractConverter.java:353) setDefaultValue Setting default value: 0
2020-10-09 18:54:53 AbstractConverter.java org.apache.commons.beanutils.converters.AbstractConverter.convert(AbstractConverter.java:140) convert Converting 'Integer' value '0' to type 'Long'
2020-10-09 18:54:53 AbstractConverter.java org.apache.commons.beanutils.converters.AbstractConverter.convert(AbstractConverter.java:171) convert     Converted to Long value '0'
2020-10-09 18:54:53 AbstractConverter.java org.apache.commons.beanutils.converters.AbstractConverter.setDefaultValue(AbstractConverter.java:353) setDefaultValue Setting default value: 0
2020-10-09 18:54:53 AbstractConverter.java org.apache.commons.beanutils.converters.AbstractConverter.convert(AbstractConverter.java:140) convert Converting 'Integer' value '0' to type 'Short'
2020-10-09 18:54:53 AbstractConverter.java org.apache.commons.beanutils.converters.AbstractConverter.convert(AbstractConverter.java:171) convert     Converted to Short value '0'
2020-10-09 18:54:53 AbstractConverter.java org.apache.commons.beanutils.converters.AbstractConverter.setDefaultValue(AbstractConverter.java:353) setDefaultValue Setting default value: 0.0
2020-10-09 18:54:53 AbstractConverter.java org.apache.commons.beanutils.converters.AbstractConverter.convert(AbstractConverter.java:140) convert Converting 'BigDecimal' value '0.0' to type 'BigDecimal'
2020-10-09 18:54:53 AbstractConverter.java org.apache.commons.beanutils.converters.AbstractConverter.convert(AbstractConverter.java:162) convert     No conversion required, value is already a BigDecimal
2020-10-09 18:54:53 AbstractConverter.java org.apache.commons.beanutils.converters.AbstractConverter.setDefaultValue(AbstractConverter.java:353) setDefaultValue Setting default value: 0
2020-10-09 18:54:53 AbstractConverter.java org.apache.commons.beanutils.converters.AbstractConverter.convert(AbstractConverter.java:140) convert Converting 'BigInteger' value '0' to type 'BigInteger'
2020-10-09 18:54:53 AbstractConverter.java org.apache.commons.beanutils.converters.AbstractConverter.convert(AbstractConverter.java:162) convert     No conversion required, value is already a BigInteger
2020-10-09 18:54:53 AbstractConverter.java org.apache.commons.beanutils.converters.AbstractConverter.setDefaultValue(AbstractConverter.java:353) setDefaultValue Setting default value: false
2020-10-09 18:54:53 AbstractConverter.java org.apache.commons.beanutils.converters.AbstractConverter.convert(AbstractConverter.java:140) convert Converting 'Boolean' value 'false' to type 'Boolean'
2020-10-09 18:54:53 AbstractConverter.java org.apache.commons.beanutils.converters.AbstractConverter.convert(AbstractConverter.java:162) convert     No conversion required, value is already a Boolean
2020-10-09 18:54:53 AbstractConverter.java org.apache.commons.beanutils.converters.AbstractConverter.setDefaultValue(AbstractConverter.java:353) setDefaultValue Setting default value: 0
2020-10-09 18:54:53 AbstractConverter.java org.apache.commons.beanutils.converters.AbstractConverter.convert(AbstractConverter.java:140) convert Converting 'Integer' value '0' to type 'Byte'
2020-10-09 18:54:53 AbstractConverter.java org.apache.commons.beanutils.converters.AbstractConverter.convert(AbstractConverter.java:171) convert     Converted to Byte value '0'
2020-10-09 18:54:53 AbstractConverter.java org.apache.commons.beanutils.converters.AbstractConverter.setDefaultValue(AbstractConverter.java:353) setDefaultValue Setting default value:  
2020-10-09 18:54:53 AbstractConverter.java org.apache.commons.beanutils.converters.AbstractConverter.convert(AbstractConverter.java:140) convert Converting 'Character' value ' ' to type 'Character'
2020-10-09 18:54:53 AbstractConverter.java org.apache.commons.beanutils.converters.AbstractConverter.convert(AbstractConverter.java:162) convert     No conversion required, value is already a Character
2020-10-09 18:54:53 AbstractConverter.java org.apache.commons.beanutils.converters.AbstractConverter.setDefaultValue(AbstractConverter.java:353) setDefaultValue Setting default value: 0
2020-10-09 18:54:53 AbstractConverter.java org.apache.commons.beanutils.converters.AbstractConverter.convert(AbstractConverter.java:140) convert Converting 'Integer' value '0' to type 'Double'
2020-10-09 18:54:53 AbstractConverter.java org.apache.commons.beanutils.converters.AbstractConverter.convert(AbstractConverter.java:171) convert     Converted to Double value '0.0'
2020-10-09 18:54:53 AbstractConverter.java org.apache.commons.beanutils.converters.AbstractConverter.setDefaultValue(AbstractConverter.java:353) setDefaultValue Setting default value: 0
2020-10-09 18:54:53 AbstractConverter.java org.apache.commons.beanutils.converters.AbstractConverter.convert(AbstractConverter.java:140) convert Converting 'Integer' value '0' to type 'Float'
2020-10-09 18:54:53 AbstractConverter.java org.apache.commons.beanutils.converters.AbstractConverter.convert(AbstractConverter.java:171) convert     Converted to Float value '0.0'
2020-10-09 18:54:53 AbstractConverter.java org.apache.commons.beanutils.converters.AbstractConverter.setDefaultValue(AbstractConverter.java:353) setDefaultValue Setting default value: 0
2020-10-09 18:54:53 AbstractConverter.java org.apache.commons.beanutils.converters.AbstractConverter.convert(AbstractConverter.java:140) convert Converting 'Integer' value '0' to type 'Integer'
2020-10-09 18:54:53 AbstractConverter.java org.apache.commons.beanutils.converters.AbstractConverter.convert(AbstractConverter.java:162) convert     No conversion required, value is already a Integer
2020-10-09 18:54:53 AbstractConverter.java org.apache.commons.beanutils.converters.AbstractConverter.setDefaultValue(AbstractConverter.java:353) setDefaultValue Setting default value: 0
2020-10-09 18:54:53 AbstractConverter.java org.apache.commons.beanutils.converters.AbstractConverter.convert(AbstractConverter.java:140) convert Converting 'Integer' value '0' to type 'Long'
2020-10-09 18:54:53 AbstractConverter.java org.apache.commons.beanutils.converters.AbstractConverter.convert(AbstractConverter.java:171) convert     Converted to Long value '0'
2020-10-09 18:54:53 AbstractConverter.java org.apache.commons.beanutils.converters.AbstractConverter.setDefaultValue(AbstractConverter.java:353) setDefaultValue Setting default value: 0
2020-10-09 18:54:53 AbstractConverter.java org.apache.commons.beanutils.converters.AbstractConverter.convert(AbstractConverter.java:140) convert Converting 'Integer' value '0' to type 'Short'
2020-10-09 18:54:53 AbstractConverter.java org.apache.commons.beanutils.converters.AbstractConverter.convert(AbstractConverter.java:171) convert     Converted to Short value '0'
2020-10-09 18:54:53 AbstractConverter.java org.apache.commons.beanutils.converters.AbstractConverter.setDefaultValue(AbstractConverter.java:353) setDefaultValue Setting default value: 
2020-10-09 18:54:53 AbstractConverter.java org.apache.commons.beanutils.converters.AbstractConverter.convert(AbstractConverter.java:140) convert Converting 'String' value '' to type 'String'
2020-10-09 18:54:53 AbstractConverter.java org.apache.commons.beanutils.converters.AbstractConverter.setDefaultValue(AbstractConverter.java:353) setDefaultValue Setting default value: [Z@2d363fb3
2020-10-09 18:54:53 AbstractConverter.java org.apache.commons.beanutils.converters.AbstractConverter.convert(AbstractConverter.java:140) convert Converting 'boolean[]' value '[Z@2d363fb3' to type 'boolean[]'
2020-10-09 18:54:53 AbstractConverter.java org.apache.commons.beanutils.converters.AbstractConverter.convert(AbstractConverter.java:162) convert     No conversion required, value is already a boolean[]
2020-10-09 18:54:53 AbstractConverter.java org.apache.commons.beanutils.converters.AbstractConverter.setDefaultValue(AbstractConverter.java:353) setDefaultValue Setting default value: [B@5aaa6d82
2020-10-09 18:54:53 AbstractConverter.java org.apache.commons.beanutils.converters.AbstractConverter.convert(AbstractConverter.java:140) convert Converting 'byte[]' value '[B@5aaa6d82' to type 'byte[]'
2020-10-09 18:54:53 AbstractConverter.java org.apache.commons.beanutils.converters.AbstractConverter.convert(AbstractConverter.java:162) convert     No conversion required, value is already a byte[]
2020-10-09 18:54:53 AbstractConverter.java org.apache.commons.beanutils.converters.AbstractConverter.setDefaultValue(AbstractConverter.java:353) setDefaultValue Setting default value: [C@6f75e721
2020-10-09 18:54:53 AbstractConverter.java org.apache.commons.beanutils.converters.AbstractConverter.convert(AbstractConverter.java:140) convert Converting 'char[]' value '[C@6f75e721' to type 'char[]'
2020-10-09 18:54:53 AbstractConverter.java org.apache.commons.beanutils.converters.AbstractConverter.convert(AbstractConverter.java:162) convert     No conversion required, value is already a char[]
2020-10-09 18:54:53 AbstractConverter.java org.apache.commons.beanutils.converters.AbstractConverter.setDefaultValue(AbstractConverter.java:353) setDefaultValue Setting default value: [D@606d8acf
2020-10-09 18:54:53 AbstractConverter.java org.apache.commons.beanutils.converters.AbstractConverter.convert(AbstractConverter.java:140) convert Converting 'double[]' value '[D@606d8acf' to type 'double[]'
2020-10-09 18:54:53 AbstractConverter.java org.apache.commons.beanutils.converters.AbstractConverter.convert(AbstractConverter.java:162) convert     No conversion required, value is already a double[]
2020-10-09 18:54:53 AbstractConverter.java org.apache.commons.beanutils.converters.AbstractConverter.setDefaultValue(AbstractConverter.java:353) setDefaultValue Setting default value: [F@470e2030
2020-10-09 18:54:53 AbstractConverter.java org.apache.commons.beanutils.converters.AbstractConverter.convert(AbstractConverter.java:140) convert Converting 'float[]' value '[F@470e2030' to type 'float[]'
2020-10-09 18:54:53 AbstractConverter.java org.apache.commons.beanutils.converters.AbstractConverter.convert(AbstractConverter.java:162) convert     No conversion required, value is already a float[]
2020-10-09 18:54:53 AbstractConverter.java org.apache.commons.beanutils.converters.AbstractConverter.setDefaultValue(AbstractConverter.java:353) setDefaultValue Setting default value: [I@33833882
2020-10-09 18:54:53 AbstractConverter.java org.apache.commons.beanutils.converters.AbstractConverter.convert(AbstractConverter.java:140) convert Converting 'int[]' value '[I@33833882' to type 'int[]'
2020-10-09 18:54:53 AbstractConverter.java org.apache.commons.beanutils.converters.AbstractConverter.convert(AbstractConverter.java:162) convert     No conversion required, value is already a int[]
2020-10-09 18:54:53 AbstractConverter.java org.apache.commons.beanutils.converters.AbstractConverter.setDefaultValue(AbstractConverter.java:353) setDefaultValue Setting default value: [J@16b3fc9e
2020-10-09 18:54:53 AbstractConverter.java org.apache.commons.beanutils.converters.AbstractConverter.convert(AbstractConverter.java:140) convert Converting 'long[]' value '[J@16b3fc9e' to type 'long[]'
2020-10-09 18:54:53 AbstractConverter.java org.apache.commons.beanutils.converters.AbstractConverter.convert(AbstractConverter.java:162) convert     No conversion required, value is already a long[]
2020-10-09 18:54:53 AbstractConverter.java org.apache.commons.beanutils.converters.AbstractConverter.setDefaultValue(AbstractConverter.java:353) setDefaultValue Setting default value: [S@244038d0
2020-10-09 18:54:53 AbstractConverter.java org.apache.commons.beanutils.converters.AbstractConverter.convert(AbstractConverter.java:140) convert Converting 'short[]' value '[S@244038d0' to type 'short[]'
2020-10-09 18:54:53 AbstractConverter.java org.apache.commons.beanutils.converters.AbstractConverter.convert(AbstractConverter.java:162) convert     No conversion required, value is already a short[]
2020-10-09 18:54:53 AbstractConverter.java org.apache.commons.beanutils.converters.AbstractConverter.setDefaultValue(AbstractConverter.java:353) setDefaultValue Setting default value: [Ljava.math.BigDecimal;@5fdef03a
2020-10-09 18:54:53 AbstractConverter.java org.apache.commons.beanutils.converters.AbstractConverter.convert(AbstractConverter.java:140) convert Converting 'BigDecimal[]' value '[Ljava.math.BigDecimal;@5fdef03a' to type 'BigDecimal[]'
2020-10-09 18:54:53 AbstractConverter.java org.apache.commons.beanutils.converters.AbstractConverter.convert(AbstractConverter.java:162) convert     No conversion required, value is already a BigDecimal[]
2020-10-09 18:54:53 AbstractConverter.java org.apache.commons.beanutils.converters.AbstractConverter.setDefaultValue(AbstractConverter.java:353) setDefaultValue Setting default value: [Ljava.math.BigInteger;@1e81f4dc
2020-10-09 18:54:53 AbstractConverter.java org.apache.commons.beanutils.converters.AbstractConverter.convert(AbstractConverter.java:140) convert Converting 'BigInteger[]' value '[Ljava.math.BigInteger;@1e81f4dc' to type 'BigInteger[]'
2020-10-09 18:54:53 AbstractConverter.java org.apache.commons.beanutils.converters.AbstractConverter.convert(AbstractConverter.java:162) convert     No conversion required, value is already a BigInteger[]
2020-10-09 18:54:53 AbstractConverter.java org.apache.commons.beanutils.converters.AbstractConverter.setDefaultValue(AbstractConverter.java:353) setDefaultValue Setting default value: [Ljava.lang.Boolean;@65ae6ba4
2020-10-09 18:54:53 AbstractConverter.java org.apache.commons.beanutils.converters.AbstractConverter.convert(AbstractConverter.java:140) convert Converting 'Boolean[]' value '[Ljava.lang.Boolean;@65ae6ba4' to type 'Boolean[]'
2020-10-09 18:54:53 AbstractConverter.java org.apache.commons.beanutils.converters.AbstractConverter.convert(AbstractConverter.java:162) convert     No conversion required, value is already a Boolean[]
2020-10-09 18:54:53 AbstractConverter.java org.apache.commons.beanutils.converters.AbstractConverter.setDefaultValue(AbstractConverter.java:353) setDefaultValue Setting default value: [Ljava.lang.Byte;@59f95c5d
2020-10-09 18:54:53 AbstractConverter.java org.apache.commons.beanutils.converters.AbstractConverter.convert(AbstractConverter.java:140) convert Converting 'Byte[]' value '[Ljava.lang.Byte;@59f95c5d' to type 'Byte[]'
2020-10-09 18:54:53 AbstractConverter.java org.apache.commons.beanutils.converters.AbstractConverter.convert(AbstractConverter.java:162) convert     No conversion required, value is already a Byte[]
2020-10-09 18:54:53 AbstractConverter.java org.apache.commons.beanutils.converters.AbstractConverter.setDefaultValue(AbstractConverter.java:353) setDefaultValue Setting default value: [Ljava.lang.Character;@4aa8f0b4
2020-10-09 18:54:53 AbstractConverter.java org.apache.commons.beanutils.converters.AbstractConverter.convert(AbstractConverter.java:140) convert Converting 'Character[]' value '[Ljava.lang.Character;@4aa8f0b4' to type 'Character[]'
2020-10-09 18:54:53 AbstractConverter.java org.apache.commons.beanutils.converters.AbstractConverter.convert(AbstractConverter.java:162) convert     No conversion required, value is already a Character[]
2020-10-09 18:54:53 AbstractConverter.java org.apache.commons.beanutils.converters.AbstractConverter.setDefaultValue(AbstractConverter.java:353) setDefaultValue Setting default value: [Ljava.lang.Double;@6a6824be
2020-10-09 18:54:53 AbstractConverter.java org.apache.commons.beanutils.converters.AbstractConverter.convert(AbstractConverter.java:140) convert Converting 'Double[]' value '[Ljava.lang.Double;@6a6824be' to type 'Double[]'
2020-10-09 18:54:53 AbstractConverter.java org.apache.commons.beanutils.converters.AbstractConverter.convert(AbstractConverter.java:162) convert     No conversion required, value is already a Double[]
2020-10-09 18:54:53 AbstractConverter.java org.apache.commons.beanutils.converters.AbstractConverter.setDefaultValue(AbstractConverter.java:353) setDefaultValue Setting default value: [Ljava.lang.Float;@512ddf17
2020-10-09 18:54:53 AbstractConverter.java org.apache.commons.beanutils.converters.AbstractConverter.convert(AbstractConverter.java:140) convert Converting 'Float[]' value '[Ljava.lang.Float;@512ddf17' to type 'Float[]'
2020-10-09 18:54:53 AbstractConverter.java org.apache.commons.beanutils.converters.AbstractConverter.convert(AbstractConverter.java:162) convert     No conversion required, value is already a Float[]
2020-10-09 18:54:53 AbstractConverter.java org.apache.commons.beanutils.converters.AbstractConverter.setDefaultValue(AbstractConverter.java:353) setDefaultValue Setting default value: [Ljava.lang.Integer;@77556fd
2020-10-09 18:54:53 AbstractConverter.java org.apache.commons.beanutils.converters.AbstractConverter.convert(AbstractConverter.java:140) convert Converting 'Integer[]' value '[Ljava.lang.Integer;@77556fd' to type 'Integer[]'
2020-10-09 18:54:53 AbstractConverter.java org.apache.commons.beanutils.converters.AbstractConverter.convert(AbstractConverter.java:162) convert     No conversion required, value is already a Integer[]
2020-10-09 18:54:53 AbstractConverter.java org.apache.commons.beanutils.converters.AbstractConverter.setDefaultValue(AbstractConverter.java:353) setDefaultValue Setting default value: [Ljava.lang.Long;@9e89d68
2020-10-09 18:54:53 AbstractConverter.java org.apache.commons.beanutils.converters.AbstractConverter.convert(AbstractConverter.java:140) convert Converting 'Long[]' value '[Ljava.lang.Long;@9e89d68' to type 'Long[]'
2020-10-09 18:54:53 AbstractConverter.java org.apache.commons.beanutils.converters.AbstractConverter.convert(AbstractConverter.java:162) convert     No conversion required, value is already a Long[]
2020-10-09 18:54:53 AbstractConverter.java org.apache.commons.beanutils.converters.AbstractConverter.setDefaultValue(AbstractConverter.java:353) setDefaultValue Setting default value: [Ljava.lang.Short;@16f65612
2020-10-09 18:54:53 AbstractConverter.java org.apache.commons.beanutils.converters.AbstractConverter.convert(AbstractConverter.java:140) convert Converting 'Short[]' value '[Ljava.lang.Short;@16f65612' to type 'Short[]'
2020-10-09 18:54:53 AbstractConverter.java org.apache.commons.beanutils.converters.AbstractConverter.convert(AbstractConverter.java:162) convert     No conversion required, value is already a Short[]
2020-10-09 18:54:53 AbstractConverter.java org.apache.commons.beanutils.converters.AbstractConverter.setDefaultValue(AbstractConverter.java:353) setDefaultValue Setting default value: [Ljava.lang.String;@7c53a9eb
2020-10-09 18:54:53 AbstractConverter.java org.apache.commons.beanutils.converters.AbstractConverter.convert(AbstractConverter.java:140) convert Converting 'String[]' value '[Ljava.lang.String;@7c53a9eb' to type 'String[]'
2020-10-09 18:54:53 AbstractConverter.java org.apache.commons.beanutils.converters.AbstractConverter.convert(AbstractConverter.java:162) convert     No conversion required, value is already a String[]
2020-10-09 18:54:53 AbstractConverter.java org.apache.commons.beanutils.converters.AbstractConverter.setDefaultValue(AbstractConverter.java:353) setDefaultValue Setting default value: [Ljava.lang.Class;@2a33fae0
2020-10-09 18:54:53 AbstractConverter.java org.apache.commons.beanutils.converters.AbstractConverter.convert(AbstractConverter.java:140) convert Converting 'Class[]' value '[Ljava.lang.Class;@2a33fae0' to type 'Class[]'
2020-10-09 18:54:53 AbstractConverter.java org.apache.commons.beanutils.converters.AbstractConverter.convert(AbstractConverter.java:162) convert     No conversion required, value is already a Class[]
2020-10-09 18:54:53 AbstractConverter.java org.apache.commons.beanutils.converters.AbstractConverter.setDefaultValue(AbstractConverter.java:353) setDefaultValue Setting default value: [Ljava.util.Date;@11028347
2020-10-09 18:54:53 AbstractConverter.java org.apache.commons.beanutils.converters.AbstractConverter.convert(AbstractConverter.java:140) convert Converting 'Date[]' value '[Ljava.util.Date;@11028347' to type 'Date[]'
2020-10-09 18:54:53 AbstractConverter.java org.apache.commons.beanutils.converters.AbstractConverter.convert(AbstractConverter.java:162) convert     No conversion required, value is already a Date[]
2020-10-09 18:54:53 AbstractConverter.java org.apache.commons.beanutils.converters.AbstractConverter.setDefaultValue(AbstractConverter.java:353) setDefaultValue Setting default value: [Ljava.util.Calendar;@21588809
2020-10-09 18:54:53 AbstractConverter.java org.apache.commons.beanutils.converters.AbstractConverter.convert(AbstractConverter.java:140) convert Converting 'Calendar[]' value '[Ljava.util.Calendar;@21588809' to type 'Calendar[]'
2020-10-09 18:54:53 AbstractConverter.java org.apache.commons.beanutils.converters.AbstractConverter.convert(AbstractConverter.java:162) convert     No conversion required, value is already a Calendar[]
2020-10-09 18:54:53 AbstractConverter.java org.apache.commons.beanutils.converters.AbstractConverter.setDefaultValue(AbstractConverter.java:353) setDefaultValue Setting default value: [Ljava.io.File;@2f333739
2020-10-09 18:54:53 AbstractConverter.java org.apache.commons.beanutils.converters.AbstractConverter.convert(AbstractConverter.java:140) convert Converting 'java.io.File[]' value '[Ljava.io.File;@2f333739' to type 'java.io.File[]'
2020-10-09 18:54:53 AbstractConverter.java org.apache.commons.beanutils.converters.AbstractConverter.convert(AbstractConverter.java:162) convert     No conversion required, value is already a java.io.File[]
2020-10-09 18:54:53 AbstractConverter.java org.apache.commons.beanutils.converters.AbstractConverter.setDefaultValue(AbstractConverter.java:353) setDefaultValue Setting default value: [Ljava.sql.Date;@12bb4df8
2020-10-09 18:54:53 AbstractConverter.java org.apache.commons.beanutils.converters.AbstractConverter.convert(AbstractConverter.java:140) convert Converting 'java.sql.Date[]' value '[Ljava.sql.Date;@12bb4df8' to type 'java.sql.Date[]'
2020-10-09 18:54:53 AbstractConverter.java org.apache.commons.beanutils.converters.AbstractConverter.convert(AbstractConverter.java:162) convert     No conversion required, value is already a java.sql.Date[]
2020-10-09 18:54:53 AbstractConverter.java org.apache.commons.beanutils.converters.AbstractConverter.setDefaultValue(AbstractConverter.java:353) setDefaultValue Setting default value: [Ljava.sql.Time;@7a7b0070
2020-10-09 18:54:53 AbstractConverter.java org.apache.commons.beanutils.converters.AbstractConverter.convert(AbstractConverter.java:140) convert Converting 'java.sql.Time[]' value '[Ljava.sql.Time;@7a7b0070' to type 'java.sql.Time[]'
2020-10-09 18:54:53 AbstractConverter.java org.apache.commons.beanutils.converters.AbstractConverter.convert(AbstractConverter.java:162) convert     No conversion required, value is already a java.sql.Time[]
2020-10-09 18:54:53 AbstractConverter.java org.apache.commons.beanutils.converters.AbstractConverter.setDefaultValue(AbstractConverter.java:353) setDefaultValue Setting default value: [Ljava.sql.Timestamp;@71bc1ae4
2020-10-09 18:54:53 AbstractConverter.java org.apache.commons.beanutils.converters.AbstractConverter.convert(AbstractConverter.java:140) convert Converting 'java.sql.Timestamp[]' value '[Ljava.sql.Timestamp;@71bc1ae4' to type 'java.sql.Timestamp[]'
2020-10-09 18:54:53 AbstractConverter.java org.apache.commons.beanutils.converters.AbstractConverter.convert(AbstractConverter.java:162) convert     No conversion required, value is already a java.sql.Timestamp[]
2020-10-09 18:54:53 AbstractConverter.java org.apache.commons.beanutils.converters.AbstractConverter.setDefaultValue(AbstractConverter.java:353) setDefaultValue Setting default value: [Ljava.net.URL;@2437c6dc
2020-10-09 18:54:53 AbstractConverter.java org.apache.commons.beanutils.converters.AbstractConverter.convert(AbstractConverter.java:140) convert Converting 'java.net.URL[]' value '[Ljava.net.URL;@2437c6dc' to type 'java.net.URL[]'
2020-10-09 18:54:53 AbstractConverter.java org.apache.commons.beanutils.converters.AbstractConverter.convert(AbstractConverter.java:162) convert     No conversion required, value is already a java.net.URL[]
2020-10-09 18:54:53 IniFactorySupport.java org.apache.shiro.config.IniFactorySupport.createInstance(IniFactorySupport.java:149) createInstance Creating instance from Ini [sections=main]
2020-10-09 18:54:53 BeanUtilsBean.java org.apache.commons.beanutils.BeanUtilsBean.setProperty(BeanUtilsBean.java:888) setProperty   setProperty(org.apache.shiro.authc.credential.HashedCredentialsMatcher@28f67ac7, hashAlgorithmName, SHA-512)
2020-10-09 18:54:53 BeanUtilsBean.java org.apache.commons.beanutils.BeanUtilsBean.setProperty(BeanUtilsBean.java:906) setProperty     Target bean = org.apache.shiro.authc.credential.HashedCredentialsMatcher@28f67ac7
2020-10-09 18:54:53 BeanUtilsBean.java org.apache.commons.beanutils.BeanUtilsBean.setProperty(BeanUtilsBean.java:907) setProperty     Target name = hashAlgorithmName
2020-10-09 18:54:53 ConvertUtilsBean.java org.apache.commons.beanutils.ConvertUtilsBean.convert(ConvertUtilsBean.java:481) convert Convert string 'SHA-512' to class 'java.lang.String'
2020-10-09 18:54:53 ConvertUtilsBean.java org.apache.commons.beanutils.ConvertUtilsBean.convert(ConvertUtilsBean.java:489) convert   Using converter ConverterFacade[StringConverter[UseDefault=true]]
2020-10-09 18:54:53 AbstractConverter.java org.apache.commons.beanutils.converters.AbstractConverter.convert(AbstractConverter.java:140) convert Converting 'String' value 'SHA-512' to type 'String'
2020-10-09 18:54:53 PropertyUtilsBean.java org.apache.commons.beanutils.PropertyUtilsBean.setSimpleProperty(PropertyUtilsBean.java:2106) setSimpleProperty setSimpleProperty: Invoking method public void org.apache.shiro.authc.credential.HashedCredentialsMatcher.setHashAlgorithmName(java.lang.String) with value SHA-512 (class java.lang.String)
2020-10-09 18:54:53 BeanUtilsBean.java org.apache.commons.beanutils.BeanUtilsBean.setProperty(BeanUtilsBean.java:888) setProperty   setProperty(org.apache.shiro.authc.credential.HashedCredentialsMatcher@28f67ac7, hashIterations, 9)
2020-10-09 18:54:53 BeanUtilsBean.java org.apache.commons.beanutils.BeanUtilsBean.setProperty(BeanUtilsBean.java:906) setProperty     Target bean = org.apache.shiro.authc.credential.HashedCredentialsMatcher@28f67ac7
2020-10-09 18:54:53 BeanUtilsBean.java org.apache.commons.beanutils.BeanUtilsBean.setProperty(BeanUtilsBean.java:907) setProperty     Target name = hashIterations
2020-10-09 18:54:53 ConvertUtilsBean.java org.apache.commons.beanutils.ConvertUtilsBean.convert(ConvertUtilsBean.java:481) convert Convert string '9' to class 'int'
2020-10-09 18:54:53 ConvertUtilsBean.java org.apache.commons.beanutils.ConvertUtilsBean.convert(ConvertUtilsBean.java:489) convert   Using converter ConverterFacade[IntegerConverter[UseDefault=true, UseLocaleFormat=false]]
2020-10-09 18:54:53 AbstractConverter.java org.apache.commons.beanutils.converters.AbstractConverter.convert(AbstractConverter.java:140) convert Converting 'String' value '9' to type 'Integer'
2020-10-09 18:54:53 NumberConverter.java org.apache.commons.beanutils.converters.NumberConverter.convertToType(NumberConverter.java:269) convertToType     No NumberFormat, using default conversion
2020-10-09 18:54:53 AbstractConverter.java org.apache.commons.beanutils.converters.AbstractConverter.convert(AbstractConverter.java:171) convert     Converted to Integer value '9'
2020-10-09 18:54:53 PropertyUtilsBean.java org.apache.commons.beanutils.PropertyUtilsBean.setSimpleProperty(PropertyUtilsBean.java:2106) setSimpleProperty setSimpleProperty: Invoking method public void org.apache.shiro.authc.credential.HashedCredentialsMatcher.setHashIterations(int) with value 9 (class java.lang.Integer)
2020-10-09 18:54:53 ReflectionBuilder.java org.apache.shiro.config.ReflectionBuilder.resolveReference(ReflectionBuilder.java:424) resolveReference Encountered object reference '$cm'.  Looking up object with id 'cm'
2020-10-09 18:54:53 BeanUtilsBean.java org.apache.commons.beanutils.BeanUtilsBean.setProperty(BeanUtilsBean.java:888) setProperty   setProperty(cn.cobight.shiro.util.Realm@7c30a502, credentialsMatcher, org.apache.shiro.authc.credential.HashedCredentialsMatcher@28f67ac7)
2020-10-09 18:54:53 BeanUtilsBean.java org.apache.commons.beanutils.BeanUtilsBean.setProperty(BeanUtilsBean.java:906) setProperty     Target bean = cn.cobight.shiro.util.Realm@7c30a502
2020-10-09 18:54:53 BeanUtilsBean.java org.apache.commons.beanutils.BeanUtilsBean.setProperty(BeanUtilsBean.java:907) setProperty     Target name = credentialsMatcher
2020-10-09 18:54:53 PropertyUtilsBean.java org.apache.commons.beanutils.PropertyUtilsBean.setSimpleProperty(PropertyUtilsBean.java:2106) setSimpleProperty setSimpleProperty: Invoking method public void org.apache.shiro.realm.AuthenticatingRealm.setCredentialsMatcher(org.apache.shiro.authc.credential.CredentialsMatcher) with value org.apache.shiro.authc.credential.HashedCredentialsMatcher@28f67ac7 (class org.apache.shiro.authc.credential.HashedCredentialsMatcher)
2020-10-09 18:54:53 AuthorizingRealm.java org.apache.shiro.realm.AuthorizingRealm.getAuthorizationCacheLazy(AuthorizingRealm.java:235) getAuthorizationCacheLazy No authorizationCache instance set.  Checking for a cacheManager...
2020-10-09 18:54:53 AuthorizingRealm.java org.apache.shiro.realm.AuthorizingRealm.getAuthorizationCacheLazy(AuthorizingRealm.java:249) getAuthorizationCacheLazy No cache or cacheManager properties have been set.  Authorization cache cannot be obtained.
2020-10-09 18:54:53 ReflectionBuilder.java org.apache.shiro.config.ReflectionBuilder.resolveReference(ReflectionBuilder.java:424) resolveReference Encountered object reference '$myRealm'.  Looking up object with id 'myRealm'
2020-10-09 18:54:53 ReflectionBuilder.java org.apache.shiro.config.ReflectionBuilder.resolveReference(ReflectionBuilder.java:424) resolveReference Encountered object reference '$myRealm'.  Looking up object with id 'myRealm'
2020-10-09 18:54:53 BeanUtilsBean.java org.apache.commons.beanutils.BeanUtilsBean.setProperty(BeanUtilsBean.java:888) setProperty   setProperty(org.apache.shiro.mgt.DefaultSecurityManager@3f3afe78, realms, [cn.cobight.shiro.util.Realm@7c30a502])
2020-10-09 18:54:53 BeanUtilsBean.java org.apache.commons.beanutils.BeanUtilsBean.setProperty(BeanUtilsBean.java:906) setProperty     Target bean = org.apache.shiro.mgt.DefaultSecurityManager@3f3afe78
2020-10-09 18:54:53 BeanUtilsBean.java org.apache.commons.beanutils.BeanUtilsBean.setProperty(BeanUtilsBean.java:907) setProperty     Target name = realms
2020-10-09 18:54:53 PropertyUtilsBean.java org.apache.commons.beanutils.PropertyUtilsBean.setSimpleProperty(PropertyUtilsBean.java:2106) setSimpleProperty setSimpleProperty: Invoking method public void org.apache.shiro.mgt.RealmSecurityManager.setRealms(java.util.Collection) with value [cn.cobight.shiro.util.Realm@7c30a502] (class java.util.ArrayList)
2020-10-09 18:54:53 AuthorizingRealm.java org.apache.shiro.realm.AuthorizingRealm.getAuthorizationCacheLazy(AuthorizingRealm.java:235) getAuthorizationCacheLazy No authorizationCache instance set.  Checking for a cacheManager...
2020-10-09 18:54:53 AuthorizingRealm.java org.apache.shiro.realm.AuthorizingRealm.getAuthorizationCacheLazy(AuthorizingRealm.java:249) getAuthorizationCacheLazy No cache or cacheManager properties have been set.  Authorization cache cannot be obtained.
2020-10-09 18:54:53 IniSecurityManagerFactory.java org.apache.shiro.config.IniSecurityManagerFactory.isAutoApplyRealms(IniSecurityManagerFactory.java:127) isAutoApplyRealms Realms have been explicitly set on the SecurityManager instance - auto-setting of realms will not occur.
2020-10-09 18:54:53 AuthenticatingRealm.java org.apache.shiro.realm.AuthenticatingRealm.getAuthenticationInfo(AuthenticatingRealm.java:572) getAuthenticationInfo Looked up AuthenticationInfo [admin] from doGetAuthenticationInfo
2020-10-09 18:54:53 AuthenticatingRealm.java org.apache.shiro.realm.AuthenticatingRealm.cacheAuthenticationInfoIfPossible(AuthenticatingRealm.java:510) cacheAuthenticationInfoIfPossible AuthenticationInfo caching is disabled for info [admin].  Submitted token: [org.apache.shiro.authc.UsernamePasswordToken - admin, rememberMe=false].
2020-10-09 18:54:53 SimpleCredentialsMatcher.java org.apache.shiro.authc.credential.SimpleCredentialsMatcher.equals(SimpleCredentialsMatcher.java:96) equals Performing credentials equality check for tokenCredentials of type [org.apache.shiro.crypto.hash.SimpleHash and accountCredentials of type [org.apache.shiro.crypto.hash.SimpleHash]
2020-10-09 18:54:53 SimpleCredentialsMatcher.java org.apache.shiro.authc.credential.SimpleCredentialsMatcher.equals(SimpleCredentialsMatcher.java:102) equals Both credentials arguments can be easily converted to byte arrays.  Performing array equals comparison
2020-10-09 18:54:53 AbstractAuthenticator.java org.apache.shiro.authc.AbstractAuthenticator.authenticate(AbstractAuthenticator.java:233) authenticate Authentication successful for token [org.apache.shiro.authc.UsernamePasswordToken - admin, rememberMe=false].  Returned account [admin]
2020-10-09 18:54:53 AbstractValidatingSessionManager.java org.apache.shiro.session.mgt.AbstractValidatingSessionManager.createSessionValidationScheduler(AbstractValidatingSessionManager.java:213) createSessionValidationScheduler No sessionValidationScheduler set.  Attempting to create default instance.
2020-10-09 18:54:53 AbstractValidatingSessionManager.java org.apache.shiro.session.mgt.AbstractValidatingSessionManager.enableSessionValidation(AbstractValidatingSessionManager.java:233) enableSessionValidation Enabling session validation scheduler...
2020-10-09 18:54:53 DefaultSessionManager.java org.apache.shiro.session.mgt.DefaultSessionManager.create(DefaultSessionManager.java:175) create Creating new EIS record for new session instance [org.apache.shiro.session.mgt.SimpleSession,id=null]
